GROUP,PACKAGE,CLASS,INSTRUCTION_MISSED,INSTRUCTION_COVERED,BRANCH_MISSED,BRANCH_COVERED,LINE_MISSED,LINE_COVERED,COMPLEXITY_MISSED,COMPLEXITY_COVERED,METHOD_MISSED,METHOD_COVERED
Spring Integration Boot Autoconfiguration,org.bremersee.spring.boot.autoconfigure.security.authentication,LdaptivePasswordEncoderProvider,0,4,0,0,0,1,0,1,0,1
Spring Integration Boot Autoconfiguration,org.bremersee.spring.boot.autoconfigure.security.authentication,AuthenticationProperties.LdaptiveProperties.AccountControlEvaluatorProperty,15,0,0,0,3,0,1,0,1,0
Spring Integration Boot Autoconfiguration,org.bremersee.spring.boot.autoconfigure.security.authentication,AuthenticationProperties.CaseTransformation,21,0,0,0,4,0,1,0,1,0
Spring Integration Boot Autoconfiguration,org.bremersee.spring.boot.autoconfigure.security.authentication,AuthenticationProperties.LdaptiveProperties.GroupFetchStrategy,21,0,0,0,4,0,1,0,1,0
Spring Integration Boot Autoconfiguration,org.bremersee.spring.boot.autoconfigure.security.authentication,AuthenticationProperties.LdaptiveProperties.UsernameToBindDnConverterProperty,15,0,0,0,3,0,1,0,1,0
Spring Integration Boot Autoconfiguration,org.bremersee.spring.boot.autoconfigure.security.authentication,AuthenticationProperties.JwtConverterProperties,30,0,0,0,8,0,4,0,4,0
Spring Integration Boot Autoconfiguration,org.bremersee.spring.boot.autoconfigure.security.authentication,AuthenticationProperties.LdaptiveProperties.Template,0,27,0,0,0,5,0,1,0,1
Spring Integration Boot Autoconfiguration,org.bremersee.spring.boot.autoconfigure.security.authentication,LdaptiveAuthenticationAutoConfiguration.PropertiesMapperImpl,339,111,74,29,105,38,63,4,7,4
Spring Integration Boot Autoconfiguration,org.bremersee.spring.boot.autoconfigure.security.authentication,LdaptivePropertiesMapper,3,25,0,0,2,7,0,2,0,2
Spring Integration Boot Autoconfiguration,org.bremersee.spring.boot.autoconfigure.security.authentication,AuthenticationProperties.LdaptiveProperties.SearchScope,27,0,0,0,5,0,1,0,1,0
Spring Integration Boot Autoconfiguration,org.bremersee.spring.boot.autoconfigure.security.authentication,LdaptivePasswordEncoderProvider.DefaultLdaptivePasswordEncoderProvider,0,6,0,0,0,1,0,1,0,1
Spring Integration Boot Autoconfiguration,org.bremersee.spring.boot.autoconfigure.security.authentication,LdaptiveAuthenticationAutoConfiguration,46,130,3,3,11,28,6,8,3,8
Spring Integration Boot Autoconfiguration,org.bremersee.spring.boot.autoconfigure.security.authentication,LdaptiveAuthenticationAutoConfiguration.PropertiesMapper,0,5,0,0,0,1,0,1,0,1
Spring Integration Boot Autoconfiguration,org.bremersee.spring.boot.autoconfigure.security.authentication,LdaptiveRememberMeAutoConfiguration,0,139,0,2,0,29,0,7,0,6
Spring Integration Boot Autoconfiguration,org.bremersee.spring.boot.autoconfigure.security.authentication,JwtConverterAutoConfiguration,30,53,2,0,6,17,3,4,2,4
Spring Integration Boot Autoconfiguration,org.bremersee.spring.boot.autoconfigure.data.mongo,MongoCustomConversionsAutoConfiguration,0,69,0,0,0,25,0,6,0,6
Spring Integration Boot Autoconfiguration,org.bremersee.spring.boot.autoconfigure.data.mongo,MongoCustomConversionsFilter.DefaultFilter,1,105,1,13,0,29,1,12,0,6
Spring Integration Boot Autoconfiguration,org.bremersee.spring.boot.autoconfigure.minio,MinioAutoConfiguration,0,69,0,0,0,21,0,5,0,5
Spring Integration Boot Autoconfiguration,org.bremersee.spring.boot.autoconfigure.data.commons,SortOrderConverterAutoConfiguration,0,31,0,0,0,7,0,5,0,5
Spring Integration Boot Autoconfiguration,org.bremersee.spring.boot.autoconfigure.thymeleaf,AdditionalThymeleafProperties,0,8,0,0,0,2,0,1,0,1
Spring Integration Boot Autoconfiguration,org.bremersee.spring.boot.autoconfigure.thymeleaf,AdditionalThymeleafProperties.ResolverProperties,0,88,0,2,0,22,0,3,0,2
Spring Integration Boot Autoconfiguration,org.bremersee.spring.boot.autoconfigure.thymeleaf,AdditionalThymeleafAutoConfiguration,5,234,3,31,1,65,3,19,0,5
Spring Integration Boot Autoconfiguration,org.bremersee.spring.boot.autoconfigure.web.reactive,MultipartFileBuilderAutoConfiguration,0,27,0,0,0,8,0,4,0,4
Spring Integration Boot Autoconfiguration,org.bremersee.spring.boot.autoconfigure.web.reactive,CorsConfigurationSourceAutoConfiguration,0,31,0,0,0,10,0,4,0,4
Spring Integration Boot Autoconfiguration,org.bremersee.spring.boot.autoconfigure.web,CorsProperties,10,11,1,1,2,2,1,1,0,1
Spring Integration Boot Autoconfiguration,org.bremersee.spring.boot.autoconfigure.web,CorsConfigurationSourceAutoConfiguration,0,31,0,0,0,10,0,4,0,4
Spring Integration Boot Autoconfiguration,org.bremersee.spring.boot.autoconfigure.web,UploadProperties,0,10,0,0,0,2,0,1,0,1
Spring Integration Boot Autoconfiguration,org.bremersee.spring.boot.autoconfigure.ldaptive,LdaptiveAutoConfiguration.PropertiesMapperImpl,110,307,50,38,42,90,49,9,1,9
Spring Integration Boot Autoconfiguration,org.bremersee.spring.boot.autoconfigure.ldaptive,LdaptiveAutoConfiguration,63,72,2,2,21,19,2,7,0,7
Spring Integration Boot Autoconfiguration,org.bremersee.spring.boot.autoconfigure.ldaptive,LdaptiveConnectionProperties.ConnectionStrategy,0,27,0,0,0,5,0,1,0,1
Spring Integration Boot Autoconfiguration,org.bremersee.spring.boot.autoconfigure.ldaptive,LdaptiveConnectionProperties.SearchScope,0,27,0,0,0,5,0,1,0,1
Spring Integration Boot Autoconfiguration,org.bremersee.spring.boot.autoconfigure.ldaptive,LdaptiveAutoConfiguration.PropertiesMapper,0,5,0,0,0,1,0,1,0,1
Spring Integration Boot Autoconfiguration,org.bremersee.spring.boot.autoconfigure.ldaptive,LdaptiveConnectionProperties.ReconnectStrategy,0,21,0,0,0,4,0,1,0,1
