GROUP,PACKAGE,CLASS,INSTRUCTION_MISSED,INSTRUCTION_COVERED,BRANCH_MISSED,BRANCH_COVERED,LINE_MISSED,LINE_COVERED,COMPLEXITY_MISSED,COMPLEXITY_COVERED,METHOD_MISSED,METHOD_COVERED
Spring Integration Security,org.bremersee.spring.security.core,NormalizedUser,0,27,0,0,0,10,0,5,0,5
Spring Integration Security,org.bremersee.spring.security.core,EmailToUsernameResolver,0,6,0,0,0,1,0,1,0,1
Spring Integration Security,org.bremersee.spring.security.oauth2.server.resource.authentication,JsonPathJwtParser,0,36,0,2,0,9,0,4,0,3
Spring Integration Security,org.bremersee.spring.security.oauth2.server.resource.authentication,JsonPathJwtConverter,2,190,2,4,0,42,2,17,0,16
Spring Integration Security,org.bremersee.spring.security.oauth2.server.resource.authentication,NormalizedJwtAuthenticationToken,0,13,0,0,0,4,0,2,0,2
Spring Integration Security,org.bremersee.spring.security.core.authority.mapping,CaseTransformation,0,21,0,0,0,4,0,1,0,1
Spring Integration Security,org.bremersee.spring.security.core.authority.mapping,NormalizedGrantedAuthoritiesMapper,2,161,5,14,0,40,5,12,0,7
